[2023-08-31 11:26:02,547] 26 root - INFO - Data Ingestion Methods Start
[2023-08-31 11:26:02,552] 34 root - INFO - Dataset Read as Pandas Dataframe
[2023-08-31 11:26:02,555] 43 root - INFO - Train Test Split
[2023-08-31 11:26:02,563] 53 root - INFO - Data Ingestion is Completed
[2023-08-31 11:26:02,583] 93 root - INFO - Read Train & Test Data Completed
[2023-08-31 11:26:02,615] 96 root - INFO - Shape of Train_df:(75, 7)
[2023-08-31 11:26:02,615] 97 root - INFO - Shape of Test_df:(19, 7)
[2023-08-31 11:26:02,615] 98 root - INFO - Obtaining Processing Object
[2023-08-31 11:26:02,615] 33 root - INFO - Data Transformation Initiated
[2023-08-31 11:26:02,616] 41 root - INFO - Pipeline Initiated
[2023-08-31 11:26:02,640] 116 root - INFO - Target Feature_Train_df Head:
   Time since posted (hours)  Likes
0                          2     31
1                          3     53
2                          2     21
3                          2     31
4                          2     90
[2023-08-31 11:26:02,641] 117 root - INFO - Target Feature_Test_df Head:
   Time since posted (hours)  Likes
0                          2     24
1                          2     20
2                          2     17
3                          2    119
4                         11    139
[2023-08-31 11:26:02,641] 118 root - INFO - Input_Feature_Train_df Shape:(75, 4)
[2023-08-31 11:26:02,641] 119 root - INFO - Input Feature_Test_df Shape:(19, 4)
[2023-08-31 11:26:02,641] 120 root - INFO - Target Feature_Train_df Shape:(75, 2)
[2023-08-31 11:26:02,641] 121 root - INFO - Target Feature_Test_df Shape:(19, 2)
[2023-08-31 11:26:02,685] 127 root - INFO - Input Feature Train_arr:
[[-7.68162267e-01  6.70000000e+01  3.60000000e+01  7.10000000e+01]
 [-1.40883086e-02  3.90000000e+01  3.50000000e+01  4.20000000e+01]
 [ 1.96500638e-01  6.30000000e+01  2.90000000e+01  6.40000000e+01]
 [-1.29958210e-01  3.70000000e+01  7.20000000e+01  5.80000000e+01]
 [-1.45591450e-01  3.10000000e+01  5.30000000e+01  5.40000000e+01]]
[2023-08-31 11:26:02,685] 128 root - INFO - Input Feature Test_arr:
[[-0.66976481 -1.         -1.         -1.        ]
 [ 0.05028386 -1.         -1.         -1.        ]
 [-0.41963296 -1.         -1.         -1.        ]
 [ 1.45911472 -1.         -1.         -1.        ]
 [ 0.56434159 48.         -1.         -1.        ]]
[2023-08-31 11:26:02,685] 130 root - INFO - Applying Preprocessing Object on Train & Test
[2023-08-31 11:26:02,685] 135 root - INFO - Train Array:
[[-7.68162267e-01  6.70000000e+01  3.60000000e+01  7.10000000e+01
   2.00000000e+00  3.10000000e+01]
 [-1.40883086e-02  3.90000000e+01  3.50000000e+01  4.20000000e+01
   3.00000000e+00  5.30000000e+01]
 [ 1.96500638e-01  6.30000000e+01  2.90000000e+01  6.40000000e+01
   2.00000000e+00  2.10000000e+01]
 [-1.29958210e-01  3.70000000e+01  7.20000000e+01  5.80000000e+01
   2.00000000e+00  3.10000000e+01]
 [-1.45591450e-01  3.10000000e+01  5.30000000e+01  5.40000000e+01
   2.00000000e+00  9.00000000e+01]]
[2023-08-31 11:26:02,685] 136 root - INFO - Test Array:
[[-6.69764811e-01 -1.00000000e+00 -1.00000000e+00 -1.00000000e+00
   2.00000000e+00  2.40000000e+01]
 [ 5.02838586e-02 -1.00000000e+00 -1.00000000e+00 -1.00000000e+00
   2.00000000e+00  2.00000000e+01]
 [-4.19632962e-01 -1.00000000e+00 -1.00000000e+00 -1.00000000e+00
   2.00000000e+00  1.70000000e+01]
 [ 1.45911472e+00 -1.00000000e+00 -1.00000000e+00 -1.00000000e+00
   2.00000000e+00  1.19000000e+02]
 [ 5.64341594e-01  4.80000000e+01 -1.00000000e+00 -1.00000000e+00
   1.10000000e+01  1.39000000e+02]]
[2023-08-31 11:26:02,685] 143 root - INFO - Preprocessor Pickle File Saved
[2023-08-31 11:26:02,691] 24 root - INFO - Splitting Depedent & Independent Features
[2023-08-31 11:26:02,697] 42 root - INFO - Model Report : {'Linear Regression': -0.3824984604605475}
[2023-08-31 11:26:02,698] 61 root - INFO - Exception Occured at Model Training 
